<?xml version="1.0" encoding="UTF-8"?>
<!-- Generated by org.testng.reporters.JUnitXMLReporter -->
<testsuite ignored="0" hostname="DESKTOP-JE04A8L" failures="0" tests="4" name="TestN" time="37.92" errors="0" timestamp="2023-06-23T16:55:05 EDT">
  <testcase classname="testlayer.LoginTest" name="Title" time="0.07"/>
  <testcase classname="testlayer.LoginTest" name="Login" time="0.22"/>
  <testcase classname="testlayer.LoginTest" name="Login" time="0.207"/>
  <testcase classname="testlayer.LoginTest" name="Login" time="0.169"/>
</testsuite> <!-- TestN -->
