<?xml version="1.0" encoding="UTF-8"?>
<!-- Generated by org.testng.reporters.JUnitXMLReporter -->
<testsuite ignored="0" hostname="DESKTOP-JE04A8L" failures="0" tests="4" name="Default test" time="34.514" errors="0" timestamp="2023-06-23T16:49:25 EDT">
  <testcase classname="testlayer.LoginTest" name="Title" time="0.033"/>
  <testcase classname="testlayer.LoginTest" name="Login" time="0.212"/>
  <testcase classname="testlayer.LoginTest" name="Login" time="0.186"/>
  <testcase classname="testlayer.LoginTest" name="Login" time="0.206"/>
</testsuite> <!-- Default test -->
