<?xml version="1.0" encoding="UTF-8"?>
<testng-results ignored="0" total="4" passed="4" failed="0" skipped="0">
  <reporter-output>
  </reporter-output>
  <suite started-at="2023-06-23T16:54:27 EDT" name="OrangeHRM" finished-at="2023-06-23T16:55:05 EDT" duration-ms="37920">
    <groups>
    </groups>
    <test started-at="2023-06-23T16:54:27 EDT" name="TestN" finished-at="2023-06-23T16:55:05 EDT" duration-ms="37920">
      <class name="testlayer.LoginTest">
        <test-method is-config="true" signature="initialsetup()[pri:0, instance:testlayer.LoginTest@4562e04d]" started-at="2023-06-23T16:54:27 EDT" name="initialsetup" finished-at="2023-06-23T16:54:36 EDT" duration-ms="9175" status="PASS">
          <reporter-output>
          </reporter-output>
        </test-method> <!-- initialsetup -->
        <test-method signature="Title()[pri:1, instance:testlayer.LoginTest@4562e04d]" started-at="2023-06-23T16:54:36 EDT" name="Title" finished-at="2023-06-23T16:54:37 EDT" duration-ms="70" status="PASS">
          <reporter-output>
          </reporter-output>
        </test-method> <!-- Title -->
        <test-method is-config="true" signature="close()[pri:0, instance:testlayer.LoginTest@4562e04d]" started-at="2023-06-23T16:54:37 EDT" name="close" finished-at="2023-06-23T16:54:37 EDT" duration-ms="128" status="PASS">
          <reporter-output>
          </reporter-output>
        </test-method> <!-- close -->
        <test-method is-config="true" signature="initialsetup()[pri:0, instance:testlayer.LoginTest@4562e04d]" started-at="2023-06-23T16:54:38 EDT" name="initialsetup" finished-at="2023-06-23T16:54:47 EDT" duration-ms="8971" status="PASS">
          <reporter-output>
          </reporter-output>
        </test-method> <!-- initialsetup -->
        <test-method signature="Login(java.lang.String,java.lang.String)[pri:2, instance:testlayer.LoginTest@4562e04d]" started-at="2023-06-23T16:54:47 EDT" name="Login" data-provider="Details" finished-at="2023-06-23T16:54:48 EDT" duration-ms="220" status="PASS">
          <params>
            <param index="0">
              <value>
                <![CDATA[Admin]]>
              </value>
            </param>
            <param index="1">
              <value>
                <![CDATA[admin123]]>
              </value>
            </param>
          </params>
          <reporter-output>
          </reporter-output>
        </test-method> <!-- Login -->
        <test-method is-config="true" signature="close()[pri:0, instance:testlayer.LoginTest@4562e04d]" started-at="2023-06-23T16:54:48 EDT" name="close" finished-at="2023-06-23T16:54:48 EDT" duration-ms="153" status="PASS">
          <reporter-output>
          </reporter-output>
        </test-method> <!-- close -->
        <test-method is-config="true" signature="initialsetup()[pri:0, instance:testlayer.LoginTest@4562e04d]" started-at="2023-06-23T16:54:48 EDT" name="initialsetup" finished-at="2023-06-23T16:54:56 EDT" duration-ms="8133" status="PASS">
          <reporter-output>
          </reporter-output>
        </test-method> <!-- initialsetup -->
        <test-method signature="Login(java.lang.String,java.lang.String)[pri:2, instance:testlayer.LoginTest@4562e04d]" started-at="2023-06-23T16:54:56 EDT" name="Login" data-provider="Details" finished-at="2023-06-23T16:54:56 EDT" duration-ms="207" status="PASS">
          <params>
            <param index="0">
              <value>
                <![CDATA[Tom]]>
              </value>
            </param>
            <param index="1">
              <value>
                <![CDATA[abcg]]>
              </value>
            </param>
          </params>
          <reporter-output>
          </reporter-output>
        </test-method> <!-- Login -->
        <test-method is-config="true" signature="close()[pri:0, instance:testlayer.LoginTest@4562e04d]" started-at="2023-06-23T16:54:56 EDT" name="close" finished-at="2023-06-23T16:54:56 EDT" duration-ms="138" status="PASS">
          <reporter-output>
          </reporter-output>
        </test-method> <!-- close -->
        <test-method is-config="true" signature="initialsetup()[pri:0, instance:testlayer.LoginTest@4562e04d]" started-at="2023-06-23T16:54:56 EDT" name="initialsetup" finished-at="2023-06-23T16:55:05 EDT" duration-ms="8547" status="PASS">
          <reporter-output>
          </reporter-output>
        </test-method> <!-- initialsetup -->
        <test-method signature="Login(java.lang.String,java.lang.String)[pri:2, instance:testlayer.LoginTest@4562e04d]" started-at="2023-06-23T16:55:05 EDT" name="Login" data-provider="Details" finished-at="2023-06-23T16:55:05 EDT" duration-ms="169" status="PASS">
          <params>
            <param index="0">
              <value>
                <![CDATA[Scott]]>
              </value>
            </param>
            <param index="1">
              <value>
                <![CDATA[xyz]]>
              </value>
            </param>
          </params>
          <reporter-output>
          </reporter-output>
        </test-method> <!-- Login -->
        <test-method is-config="true" signature="close()[pri:0, instance:testlayer.LoginTest@4562e04d]" started-at="2023-06-23T16:55:05 EDT" name="close" finished-at="2023-06-23T16:55:05 EDT" duration-ms="139" status="PASS">
          <reporter-output>
          </reporter-output>
        </test-method> <!-- close -->
      </class> <!-- testlayer.LoginTest -->
    </test> <!-- TestN -->
  </suite> <!-- OrangeHRM -->
</testng-results>
